#
# There is insufficient memory for the Java Runtime Environment to continue.
# Native memory allocation (malloc) failed to allocate 1086816 bytes for Chunk::new
# Possible reasons:
#   The system is out of physical RAM or swap space
#   In 32 bit mode, the process size limit was hit
# Possible solutions:
#   Reduce memory load on the system
#   Increase physical memory or swap space
#   Check if swap backing store is full
#   Use 64 bit Java on a 64 bit OS
#   Decrease Java heap size (-Xmx/-Xms)
#   Decrease number of Java threads
#   Decrease Java thread stack sizes (-Xss)
#   Set larger code cache with -XX:ReservedCodeCacheSize=
# This output file may be truncated or incomplete.
#
#  Out of Memory Error (allocation.cpp:390), pid=18704, tid=0x0000000000005e9c
#
# JRE version: OpenJDK Runtime Environment (8.0_152-b01) (build 1.8.0_152-release-1248-b01)
# Java VM: OpenJDK 64-Bit Server VM (25.152-b01 mixed mode windows-amd64 compressed oops)
# Failed to write core dump. Minidumps are not enabled by default on client versions of Windows
#

---------------  T H R E A D  ---------------

Current thread (0x0000000018b90800):  JavaThread "C2 CompilerThread0" daemon [_thread_in_native, id=24220, stack(0x0000000019290000,0x0000000019390000)]

Stack: [0x0000000019290000,0x0000000019390000]
[error occurred during error reporting (printing stack bounds), id 0xc0000005]

Native frames: (J=compiled Java code, j=interpreted, Vv=VM code, C=native code)


Current CompileTask:
C2:   9789 6560   !   4       java.io.ObjectOutputStream::writeObject0 (619 bytes)


---------------  P R O C E S S  ---------------

Java Threads: ( => current thread )
  0x000000001d540800 JavaThread "Cache worker for Build Output Cleanup Cache (C:\4_1_workspace\Kotline\4_1_Kt\.gradle\buildOutputCleanup)" [_thread_blocked, id=3556, stack(0x00000000250d0000,0x00000000251d0000)]
  0x000000001d540000 JavaThread "Cache worker for task history cache (C:\4_1_workspace\Kotline\4_1_Kt\.gradle\4.10.1\taskHistory)" [_thread_blocked, id=11156, stack(0x0000000024fd0000,0x00000000250d0000)]
  0x000000001d53c000 JavaThread "Task worker for ':' Thread 7" [_thread_blocked, id=24068, stack(0x0000000024cd0000,0x0000000024dd0000)]
  0x000000001d543000 JavaThread "Task worker for ':' Thread 6" [_thread_blocked, id=5348, stack(0x0000000024bd0000,0x0000000024cd0000)]
  0x000000001d53d000 JavaThread "Task worker for ':' Thread 5" [_thread_blocked, id=6856, stack(0x0000000024ad0000,0x0000000024bd0000)]
  0x000000001d53d800 JavaThread "Task worker for ':' Thread 4" [_thread_blocked, id=12884, stack(0x00000000249d0000,0x0000000024ad0000)]
  0x000000001d542000 JavaThread "Task worker for ':' Thread 3" [_thread_blocked, id=15408, stack(0x00000000248d0000,0x00000000249d0000)]
  0x000000001d53e800 JavaThread "Task worker for ':' Thread 2" [_thread_blocked, id=2400, stack(0x00000000247d0000,0x00000000248d0000)]
  0x000000001d541800 JavaThread "Task worker for ':'" [_thread_in_native, id=11884, stack(0x00000000246d0000,0x00000000247d0000)]
  0x000000001d53f000 JavaThread "Cache worker for file content cache (C:\4_1_workspace\Kotline\4_1_Kt\.gradle\4.10.1\fileContent)" [_thread_blocked, id=13148, stack(0x00000000245d0000,0x00000000246d0000)]
  0x000000001d534800 JavaThread "Cache worker for file content cache (C:\Users\kw\.gradle\caches\4.10.1\fileContent)" [_thread_blocked, id=21076, stack(0x00000000244d0000,0x00000000245d0000)]
  0x000000001d53b800 JavaThread "Memory manager" [_thread_blocked, id=22812, stack(0x00000000243d0000,0x00000000244d0000)]
  0x000000001d539000 JavaThread "Build operations Thread 8" [_thread_blocked, id=11980, stack(0x0000000022cd0000,0x0000000022dd0000)]
  0x000000001d538800 JavaThread "Build operations Thread 7" [_thread_blocked, id=21356, stack(0x0000000022bd0000,0x0000000022cd0000)]
  0x000000001d535800 JavaThread "Build operations Thread 6" [_thread_blocked, id=19004, stack(0x0000000022ad0000,0x0000000022bd0000)]
  0x000000001d537800 JavaThread "Build operations Thread 5" [_thread_blocked, id=23880, stack(0x00000000229d0000,0x0000000022ad0000)]
  0x000000001d537000 JavaThread "Build operations Thread 4" [_thread_blocked, id=20072, stack(0x00000000228d0000,0x00000000229d0000)]
  0x000000001d53a000 JavaThread "Build operations Thread 3" [_thread_blocked, id=12388, stack(0x00000000227d0000,0x00000000228d0000)]
  0x000000001d536000 JavaThread "Build operations Thread 2" [_thread_blocked, id=22720, stack(0x0000000022270000,0x0000000022370000)]
  0x000000001c147800 JavaThread "Build operations" [_thread_blocked, id=14468, stack(0x0000000020d50000,0x0000000020e50000)]
  0x000000001c146800 JavaThread "Cache worker for Artifact transforms cache (C:\Users\kw\.gradle\caches\transforms-1)" [_thread_blocked, id=14536, stack(0x0000000020c50000,0x0000000020d50000)]
  0x000000001c146000 JavaThread "Cache worker for cache directory md-rule (C:\Users\kw\.gradle\caches\4.10.1\md-rule)" [_thread_blocked, id=23428, stack(0x0000000020b50000,0x0000000020c50000)]
  0x000000001c14c800 JavaThread "Cache worker for cache directory md-supplier (C:\Users\kw\.gradle\caches\4.10.1\md-supplier)" [_thread_blocked, id=23164, stack(0x0000000020a50000,0x0000000020b50000)]
  0x000000001c149000 JavaThread "Cache worker for journal cache (C:\Users\kw\.gradle\caches\journal-1)" [_thread_blocked, id=22136, stack(0x000000001e340000,0x000000001e440000)]
  0x000000001c148000 JavaThread "Cache worker for file hash cache (C:\4_1_workspace\Kotline\4_1_Kt\.gradle\4.10.1\fileHashes)" [_thread_blocked, id=20296, stack(0x000000001d210000,0x000000001d310000)]
  0x000000001c129800 JavaThread "File lock request listener" [_thread_in_native, id=22028, stack(0x000000001d110000,0x000000001d210000)]
  0x000000001c128800 JavaThread "Cache worker for file hash cache (C:\Users\kw\.gradle\caches\4.10.1\fileHashes)" [_thread_blocked, id=10060, stack(0x000000001d010000,0x000000001d110000)]
  0x000000001ab4c000 JavaThread "Stdin handler" [_thread_blocked, id=19128, stack(0x000000001bc40000,0x000000001bd40000)]
  0x000000001ab4a800 JavaThread "Asynchronous log dispatcher for DefaultDaemonConnection: socket connection from /127.0.0.1:53163 to /127.0.0.1:53164" [_thread_blocked, id=8408, stack(0x000000001bb40000,0x000000001bc40000)]
  0x000000001a9c8800 JavaThread "Daemon worker" [_thread_blocked, id=19812, stack(0x000000001ba40000,0x000000001bb40000)]
  0x000000001a9c6000 JavaThread "Cancel handler" [_thread_blocked, id=6092, stack(0x000000001b940000,0x000000001ba40000)]
  0x000000001a782800 JavaThread "Handler for socket connection from /127.0.0.1:53163 to /127.0.0.1:53164" [_thread_in_native, id=14792, stack(0x000000001b640000,0x000000001b740000)]
  0x000000001a781000 JavaThread "Daemon" [_thread_blocked, id=24312, stack(0x000000001b540000,0x000000001b640000)]
  0x000000001a789800 JavaThread "Daemon periodic checks" [_thread_blocked, id=15032, stack(0x000000001b440000,0x000000001b540000)]
  0x000000001a786000 JavaThread "Incoming local TCP Connector on port 53163" [_thread_in_native, id=18756, stack(0x000000001b260000,0x000000001b360000)]
  0x0000000018c2b800 JavaThread "Service Thread" daemon [_thread_blocked, id=16440, stack(0x0000000019690000,0x0000000019790000)]
  0x0000000018b9e800 JavaThread "C1 CompilerThread3" daemon [_thread_blocked, id=4724, stack(0x0000000019590000,0x0000000019690000)]
  0x0000000018b99800 JavaThread "C2 CompilerThread2" daemon [_thread_in_native, id=3964, stack(0x0000000019490000,0x0000000019590000)]
  0x0000000016c2e800 JavaThread "C2 CompilerThread1" daemon [_thread_in_native, id=21644, stack(0x0000000019390000,0x0000000019490000)]
=>0x0000000018b90800 JavaThread "C2 CompilerThread0" daemon [_thread_in_native, id=24220, stack(0x0000000019290000,0x0000000019390000)]
  0x0000000018b8f000 JavaThread "Attach Listener" daemon [_thread_blocked, id=23980, stack(0x0000000019190000,0x0000000019290000)]
  0x0000000018b3d000 JavaThread "Signal Dispatcher" daemon [_thread_blocked, id=22480, stack(0x0000000019090000,0x0000000019190000)]
  0x0000000018b20800 JavaThread "Finalizer" daemon [_thread_blocked, id=3172, stack(0x0000000018f00000,0x0000000019000000)]
  0x0000000002e58000 JavaThread "Reference Handler" daemon [_thread_blocked, id=22624, stack(0x0000000018a00000,0x0000000018b00000)]
  0x0000000002c5e000 JavaThread "main" [_thread_blocked, id=11756, stack(0x0000000002c60000,0x0000000002d60000)]

Other Threads:
  0x0000000016c16000 VMThread [stack: 0x0000000018900000,0x0000000018a00000] [id=14948]
  0x0000000018c2c000 WatcherThread [stack: 0x0000000019790000,0x0000000019890000] [id=21844]

VM state:not at safepoint (normal execution)

VM Mutex/Monitor currently owned by a thread: None

Heap:
 PSYoungGen      total 135680K, used 61320K [0x00000000e0000000, 0x00000000ea180000, 0x0000000100000000)
  eden space 122880K, 49% used [0x00000000e0000000,0x00000000e3be2070,0x00000000e7800000)
  from space 12800K, 0% used [0x00000000e8700000,0x00000000e8700000,0x00000000e9380000)
  to   space 15360K, 0% used [0x00000000e7800000,0x00000000e7800000,0x00000000e8700000)
 ParOldGen       total 61952K, used 35896K [0x00000000a0000000, 0x00000000a3c80000, 0x00000000e0000000)
  object space 61952K, 57% used [0x00000000a0000000,0x00000000a230e3b0,0x00000000a3c80000)
 Metaspace       used 59455K, capacity 61054K, committed 61184K, reserved 1101824K
  class space    used 8046K, capacity 8440K, committed 8448K, reserved 1048576K

Card table byte_map: [0x0000000012220000,0x0000000012530000] byte_map_base: 0x0000000011d20000

Marking Bits: (ParMarkBitMap*) 0x00000000559a5aa0
 Begin Bits: [0x0000000012f30000, 0x0000000014730000)
 End Bits:   [0x0000000014730000, 0x0000000015f30000)

Polling page: 0x0000000001050000

CodeCache: size=245760Kb used=18270Kb max_used=18407Kb free=227489Kb
 bounds [0x0000000002e60000, 0x0000000004070000, 0x0000000011e60000]
 total_blobs=6632 nmethods=5847 adapters=697
 compilation: enabled

Compilation events (10 events):
Event: 9.779 Thread 0x0000000018b9e800 6664       3       com.google.common.cache.AbstractCache$SimpleStatsCounter::recordHits (12 bytes)
Event: 9.779 Thread 0x0000000018b9e800 nmethod 6664 0x000000000316fd10 code [0x000000000316fe80, 0x0000000003170048]
Event: 9.779 Thread 0x0000000018b9e800 6666       1       java.util.concurrent.TimeUnit$2::toMillis (6 bytes)
Event: 9.779 Thread 0x0000000018b9e800 nmethod 6666 0x0000000003f6a750 code [0x0000000003f6a8a0, 0x0000000003f6a9d0]
Event: 9.779 Thread 0x0000000018b9e800 6665       3       org.gradle.api.internal.changedetection.state.SplitFileHasher::hash (40 bytes)
Event: 9.779 Thread 0x0000000018b9e800 nmethod 6665 0x000000000364fa90 code [0x000000000364fc40, 0x0000000003650128]
Event: 9.782 Thread 0x0000000018b9e800 6667       1       java.util.concurrent.ConcurrentLinkedQueue$Node::casItem (13 bytes)
Event: 9.782 Thread 0x0000000018b9e800 nmethod 6667 0x000000000364f790 code [0x000000000364f8e0, 0x000000000364fa30]
Event: 9.783 Thread 0x0000000018b9e800 6668       3       com.google.common.cache.LocalCache$AccessQueue::contains (23 bytes)
Event: 9.783 Thread 0x0000000018b9e800 nmethod 6668 0x000000000364f190 code [0x000000000364f300, 0x000000000364f688]

GC Heap History (10 events):
Event: 5.468 GC heap before
{Heap before GC invocations=11 (full 2):
 PSYoungGen      total 92672K, used 7730K [0x00000000e0000000, 0x00000000e8380000, 0x0000000100000000)
  eden space 80896K, 0% used [0x00000000e0000000,0x00000000e0000000,0x00000000e4f00000)
  from space 11776K, 65% used [0x00000000e4f00000,0x00000000e568c8e0,0x00000000e5a80000)
  to   space 11776K, 0% used [0x00000000e7800000,0x00000000e7800000,0x00000000e8380000)
 ParOldGen       total 61952K, used 11829K [0x00000000a0000000, 0x00000000a3c80000, 0x00000000e0000000)
  object space 61952K, 19% used [0x00000000a0000000,0x00000000a0b8d7b0,0x00000000a3c80000)
 Metaspace       used 34680K, capacity 35262K, committed 35416K, reserved 1079296K
  class space    used 4825K, capacity 5065K, committed 5120K, reserved 1048576K
Event: 5.525 GC heap after
Heap after GC invocations=11 (full 2):
 PSYoungGen      total 92672K, used 0K [0x00000000e0000000, 0x00000000e8380000, 0x0000000100000000)
  eden space 80896K, 0% used [0x00000000e0000000,0x00000000e0000000,0x00000000e4f00000)
  from space 11776K, 0% used [0x00000000e4f00000,0x00000000e4f00000,0x00000000e5a80000)
  to   space 11776K, 0% used [0x00000000e7800000,0x00000000e7800000,0x00000000e8380000)
 ParOldGen       total 61952K, used 16602K [0x00000000a0000000, 0x00000000a3c80000, 0x00000000e0000000)
  object space 61952K, 26% used [0x00000000a0000000,0x00000000a1036a88,0x00000000a3c80000)
 Metaspace       used 34680K, capacity 35262K, committed 35416K, reserved 1079296K
  class space    used 4825K, capacity 5065K, committed 5120K, reserved 1048576K
}
Event: 6.441 GC heap before
{Heap before GC invocations=12 (full 2):
 PSYoungGen      total 92672K, used 80896K [0x00000000e0000000, 0x00000000e8380000, 0x0000000100000000)
  eden space 80896K, 100% used [0x00000000e0000000,0x00000000e4f00000,0x00000000e4f00000)
  from space 11776K, 0% used [0x00000000e4f00000,0x00000000e4f00000,0x00000000e5a80000)
  to   space 11776K, 0% used [0x00000000e7800000,0x00000000e7800000,0x00000000e8380000)
 ParOldGen       total 61952K, used 16602K [0x00000000a0000000, 0x00000000a3c80000, 0x00000000e0000000)
  object space 61952K, 26% used [0x00000000a0000000,0x00000000a1036a88,0x00000000a3c80000)
 Metaspace       used 42405K, capacity 43172K, committed 43392K, reserved 1087488K
  class space    used 5715K, capacity 5982K, committed 6016K, reserved 1048576K
Event: 6.452 GC heap after
Heap after GC invocations=12 (full 2):
 PSYoungGen      total 112640K, used 11751K [0x00000000e0000000, 0x00000000e8380000, 0x0000000100000000)
  eden space 100864K, 0% used [0x00000000e0000000,0x00000000e0000000,0x00000000e6280000)
  from space 11776K, 99% used [0x00000000e7800000,0x00000000e8379da8,0x00000000e8380000)
  to   space 13312K, 0% used [0x00000000e6980000,0x00000000e6980000,0x00000000e7680000)
 ParOldGen       total 61952K, used 17482K [0x00000000a0000000, 0x00000000a3c80000, 0x00000000e0000000)
  object space 61952K, 28% used [0x00000000a0000000,0x00000000a1112a40,0x00000000a3c80000)
 Metaspace       used 42405K, capacity 43172K, committed 43392K, reserved 1087488K
  class space    used 5715K, capacity 5982K, committed 6016K, reserved 1048576K
}
Event: 7.546 GC heap before
{Heap before GC invocations=13 (full 2):
 PSYoungGen      total 112640K, used 112615K [0x00000000e0000000, 0x00000000e8380000, 0x0000000100000000)
  eden space 100864K, 100% used [0x00000000e0000000,0x00000000e6280000,0x00000000e6280000)
  from space 11776K, 99% used [0x00000000e7800000,0x00000000e8379da8,0x00000000e8380000)
  to   space 13312K, 0% used [0x00000000e6980000,0x00000000e6980000,0x00000000e7680000)
 ParOldGen       total 61952K, used 17482K [0x00000000a0000000, 0x00000000a3c80000, 0x00000000e0000000)
  object space 61952K, 28% used [0x00000000a0000000,0x00000000a1112a40,0x00000000a3c80000)
 Metaspace       used 49985K, capacity 51044K, committed 51072K, reserved 1093632K
  class space    used 6711K, capacity 7019K, committed 7040K, reserved 1048576K
Event: 7.558 GC heap after
Heap after GC invocations=13 (full 2):
 PSYoungGen      total 121344K, used 8528K [0x00000000e0000000, 0x00000000e9380000, 0x0000000100000000)
  eden space 108032K, 0% used [0x00000000e0000000,0x00000000e0000000,0x00000000e6980000)
  from space 13312K, 64% used [0x00000000e6980000,0x00000000e71d40f8,0x00000000e7680000)
  to   space 12800K, 0% used [0x00000000e8700000,0x00000000e8700000,0x00000000e9380000)
 ParOldGen       total 61952K, used 23923K [0x00000000a0000000, 0x00000000a3c80000, 0x00000000e0000000)
  object space 61952K, 38% used [0x00000000a0000000,0x00000000a175cc08,0x00000000a3c80000)
 Metaspace       used 49985K, capacity 51044K, committed 51072K, reserved 1093632K
  class space    used 6711K, capacity 7019K, committed 7040K, reserved 1048576K
}
Event: 8.605 GC heap before
{Heap before GC invocations=14 (full 2):
 PSYoungGen      total 121344K, used 107146K [0x00000000e0000000, 0x00000000e9380000, 0x0000000100000000)
  eden space 108032K, 91% used [0x00000000e0000000,0x00000000e604e790,0x00000000e6980000)
  from space 13312K, 64% used [0x00000000e6980000,0x00000000e71d40f8,0x00000000e7680000)
  to   space 12800K, 0% used [0x00000000e8700000,0x00000000e8700000,0x00000000e9380000)
 ParOldGen       total 61952K, used 23923K [0x00000000a0000000, 0x00000000a3c80000, 0x00000000e0000000)
  object space 61952K, 38% used [0x00000000a0000000,0x00000000a175cc08,0x00000000a3c80000)
 Metaspace       used 57540K, capacity 58922K, committed 59028K, reserved 1099776K
  class space    used 7795K, capacity 8184K, committed 8192K, reserved 1048576K
Event: 8.620 GC heap after
Heap after GC invocations=14 (full 2):
 PSYoungGen      total 135680K, used 12790K [0x00000000e0000000, 0x00000000ea180000, 0x0000000100000000)
  eden space 122880K, 0% used [0x00000000e0000000,0x00000000e0000000,0x00000000e7800000)
  from space 12800K, 99% used [0x00000000e8700000,0x00000000e937d968,0x00000000e9380000)
  to   space 15360K, 0% used [0x00000000e7800000,0x00000000e7800000,0x00000000e8700000)
 ParOldGen       total 61952K, used 26562K [0x00000000a0000000, 0x00000000a3c80000, 0x00000000e0000000)
  object space 61952K, 42% used [0x00000000a0000000,0x00000000a19f0b58,0x00000000a3c80000)
 Metaspace       used 57540K, capacity 58922K, committed 59028K, reserved 1099776K
  class space    used 7795K, capacity 8184K, committed 8192K, reserved 1048576K
}
Event: 8.620 GC heap before
{Heap before GC invocations=15 (full 3):
 PSYoungGen      total 135680K, used 12790K [0x00000000e0000000, 0x00000000ea180000, 0x0000000100000000)
  eden space 122880K, 0% used [0x00000000e0000000,0x00000000e0000000,0x00000000e7800000)
  from space 12800K, 99% used [0x00000000e8700000,0x00000000e937d968,0x00000000e9380000)
  to   space 15360K, 0% used [0x00000000e7800000,0x00000000e7800000,0x00000000e8700000)
 ParOldGen       total 61952K, used 26562K [0x00000000a0000000, 0x00000000a3c80000, 0x00000000e0000000)
  object space 61952K, 42% used [0x00000000a0000000,0x00000000a19f0b58,0x00000000a3c80000)
 Metaspace       used 57540K, capacity 58922K, committed 59028K, reserved 1099776K
  class space    used 7795K, capacity 8184K, committed 8192K, reserved 1048576K
Event: 8.887 GC heap after
Heap after GC invocations=15 (full 3):
 PSYoungGen      total 135680K, used 0K [0x00000000e0000000, 0x00000000ea180000, 0x0000000100000000)
  eden space 122880K, 0% used [0x00000000e0000000,0x00000000e0000000,0x00000000e7800000)
  from space 12800K, 0% used [0x00000000e8700000,0x00000000e8700000,0x00000000e9380000)
  to   space 15360K, 0% used [0x00000000e7800000,0x00000000e7800000,0x00000000e8700000)
 ParOldGen       total 61952K, used 35896K [0x00000000a0000000, 0x00000000a3c80000, 0x00000000e0000000)
  object space 61952K, 57% used [0x00000000a0000000,0x00000000a230e3b0,0x00000000a3c80000)
 Metaspace       used 57540K, capacity 58922K, committed 59028K, reserved 1099776K
  class space    used 7795K, capacity 8184K, committed 8192K, reserved 1048576K
}

Deoptimization events (10 events):
Event: 9.535 Thread 0x000000001d538800 Uncommon trap: reason=unstable_if action=reinterpret pc=0x0000000002ff78ac method=com.esotericsoftware.kryo.io.Output.writeBytes([BII)V @ 61
Event: 9.634 Thread 0x000000001d540000 Uncommon trap: reason=unstable_if action=reinterpret pc=0x0000000003b74b68 method=java.util.regex.Pattern$Curly.match0(Ljava/util/regex/Matcher;IILjava/lang/CharSequence;)Z @ 5
Event: 9.689 Thread 0x000000001d541800 Uncommon trap: reason=class_check action=maybe_recompile pc=0x00000000040344f8 method=java.io.ObjectOutputStream$BlockDataOutputStream.drain()V @ 36
Event: 9.690 Thread 0x000000001d541800 Uncommon trap: reason=class_check action=maybe_recompile pc=0x00000000040344f8 method=java.io.ObjectOutputStream$BlockDataOutputStream.drain()V @ 36
Event: 9.690 Thread 0x000000001d541800 Uncommon trap: reason=class_check action=maybe_recompile pc=0x00000000040344f8 method=java.io.ObjectOutputStream$BlockDataOutputStream.drain()V @ 36
Event: 9.690 Thread 0x000000001d541800 Uncommon trap: reason=class_check action=maybe_recompile pc=0x00000000039ca29c method=java.io.ObjectOutputStream$BlockDataOutputStream.drain()V @ 36
Event: 9.691 Thread 0x000000001d541800 Uncommon trap: reason=class_check action=maybe_recompile pc=0x00000000040344f8 method=java.io.ObjectOutputStream$BlockDataOutputStream.drain()V @ 36
Event: 9.692 Thread 0x000000001d541800 Uncommon trap: reason=class_check action=maybe_recompile pc=0x0000000003d62ae4 method=java.io.ObjectOutputStream$BlockDataOutputStream.drain()V @ 36
Event: 9.743 Thread 0x000000001d538800 Uncommon trap: reason=unstable_if action=reinterpret pc=0x000000000304a6cc method=java.util.concurrent.ConcurrentHashMap.addCount(JI)V @ 110
Event: 9.743 Thread 0x000000001d538800 Uncommon trap: reason=unstable_if action=reinterpret pc=0x0000000003007904 method=java.util.concurrent.ConcurrentHashMap.addCount(JI)V @ 110

Classes redefined (0 events):
No events

Internal exceptions (10 events):
Event: 8.999 Thread 0x000000001d541800 Exception <a 'java/lang/NoSuchMethodError': <clinit>> (0x00000000e0b33578) thrown at [D:\src\AOSP-openjdk-cygwin\jdk8u\hotspot\src\share\vm\prims\jni.cpp, line 1613]
Event: 8.999 Thread 0x000000001d541800 Exception <a 'java/lang/NoSuchMethodError': <clinit>> (0x00000000e0b3e7f8) thrown at [D:\src\AOSP-openjdk-cygwin\jdk8u\hotspot\src\share\vm\prims\jni.cpp, line 1613]
Event: 9.014 Thread 0x000000001d541800 Exception <a 'java/lang/NoSuchMethodError': <clinit>> (0x00000000e0bd1b70) thrown at [D:\src\AOSP-openjdk-cygwin\jdk8u\hotspot\src\share\vm\prims\jni.cpp, line 1613]
Event: 9.015 Thread 0x000000001d541800 Exception <a 'java/lang/NoSuchMethodError': <clinit>> (0x00000000e0be4978) thrown at [D:\src\AOSP-openjdk-cygwin\jdk8u\hotspot\src\share\vm\prims\jni.cpp, line 1613]
Event: 9.015 Thread 0x000000001d541800 Exception <a 'java/lang/NoSuchMethodError': <clinit>> (0x00000000e0be6228) thrown at [D:\src\AOSP-openjdk-cygwin\jdk8u\hotspot\src\share\vm\prims\jni.cpp, line 1613]
Event: 9.624 Thread 0x000000001d541800 Exception <a 'java/lang/NoSuchMethodError': <clinit>> (0x00000000e32e5ab8) thrown at [D:\src\AOSP-openjdk-cygwin\jdk8u\hotspot\src\share\vm\prims\jni.cpp, line 1613]
Event: 9.690 Thread 0x000000001d541800 Exception <a 'java/lang/NoSuchMethodError': <clinit>> (0x00000000e356e1f8) thrown at [D:\src\AOSP-openjdk-cygwin\jdk8u\hotspot\src\share\vm\prims\jni.cpp, line 1613]
Event: 9.690 Thread 0x000000001d541800 Exception <a 'java/lang/NoSuchMethodError': <clinit>> (0x00000000e3578120) thrown at [D:\src\AOSP-openjdk-cygwin\jdk8u\hotspot\src\share\vm\prims\jni.cpp, line 1613]
Event: 9.691 Thread 0x000000001d541800 Exception <a 'java/lang/NoSuchMethodError': <clinit>> (0x00000000e358e400) thrown at [D:\src\AOSP-openjdk-cygwin\jdk8u\hotspot\src\share\vm\prims\jni.cpp, line 1613]
Event: 9.693 Thread 0x000000001d541800 Exception <a 'java/lang/NoSuchMethodError': <clinit>> (0x00000000e35990d0) thrown at [D:\src\AOSP-openjdk-cygwin\jdk8u\hotspot\src\share\vm\prims\jni.cpp, line 1613]

Events (10 events):
Event: 9.715 Thread 0x0000000018b9e800 flushing nmethod 0x0000000003eb77d0
Event: 9.717 Thread 0x0000000018b9e800 flushing nmethod 0x0000000003f6a750
Event: 9.721 loading class org/gradle/api/internal/changedetection/state/SetValueSnapshot
Event: 9.721 loading class org/gradle/api/internal/changedetection/state/SetValueSnapshot done
Event: 9.743 Thread 0x000000001d538800 Uncommon trap: trap_request=0xffffff65 fr.pc=0x000000000304a6cc
Event: 9.743 Thread 0x000000001d538800 DEOPT PACKING pc=0x000000000304a6cc sp=0x0000000022cceda0
Event: 9.743 Thread 0x000000001d538800 DEOPT UNPACKING pc=0x0000000002ea557b sp=0x0000000022ccec88 mode 2
Event: 9.743 Thread 0x000000001d538800 Uncommon trap: trap_request=0xffffff65 fr.pc=0x0000000003007904
Event: 9.743 Thread 0x000000001d538800 DEOPT PACKING pc=0x0000000003007904 sp=0x0000000022ccecf0
Event: 9.743 Thread 0x000000001d538800 DEOPT UNPACKING pc=0x0000000002ea557b sp=0x0000000022ccec60 mode 2


Dynamic libraries:
0x00007ff6b1c60000 - 0x00007ff6b1c91000 	C:\Program Files\Android\Android Studio\jre\bin\java.exe
0x00007ffb4d0d0000 - 0x00007ffb4d2b1000 	C:\WINDOWS\SYSTEM32\ntdll.dll
0x00007ffb4ad20000 - 0x00007ffb4add1000 	C:\WINDOWS\System32\KERNEL32.DLL
0x00007ffb49620000 - 0x00007ffb49893000 	C:\WINDOWS\System32\KERNELBASE.dll
0x00007ffb4c490000 - 0x00007ffb4c531000 	C:\WINDOWS\System32\ADVAPI32.dll
0x00007ffb4d000000 - 0x00007ffb4d09e000 	C:\WINDOWS\System32\msvcrt.dll
0x00007ffb4cfa0000 - 0x00007ffb4cffb000 	C:\WINDOWS\System32\sechost.dll
0x00007ffb4c540000 - 0x00007ffb4c664000 	C:\WINDOWS\System32\RPCRT4.dll
0x00007ffb4a730000 - 0x00007ffb4a8c0000 	C:\WINDOWS\System32\USER32.dll
0x00007ffb49550000 - 0x00007ffb49570000 	C:\WINDOWS\System32\win32u.dll
0x00007ffb4c980000 - 0x00007ffb4c9a8000 	C:\WINDOWS\System32\GDI32.dll
0x00007ffb4a340000 - 0x00007ffb4a4d2000 	C:\WINDOWS\System32\gdi32full.dll
0x00007ffb4a0b0000 - 0x00007ffb4a14f000 	C:\WINDOWS\System32\msvcp_win.dll
0x00007ffb49fb0000 - 0x00007ffb4a0a8000 	C:\WINDOWS\System32\ucrtbase.dll
0x00007ffb2e5a0000 - 0x00007ffb2e809000 	C:\WINDOWS\WinSxS\amd64_microsoft.windows.common-controls_6595b64144ccf1df_6.0.17134.706_none_fb43a2cb30647007\COMCTL32.dll
0x00007ffb4a990000 - 0x00007ffb4acb2000 	C:\WINDOWS\System32\combase.dll
0x00007ffb4a4e0000 - 0x00007ffb4a55a000 	C:\WINDOWS\System32\bcryptPrimitives.dll
0x00007ffb4c670000 - 0x00007ffb4c69d000 	C:\WINDOWS\System32\IMM32.DLL
0x0000000055100000 - 0x00000000551d2000 	C:\Program Files\Android\Android Studio\jre\jre\bin\msvcr100.dll
0x00000000551e0000 - 0x0000000055a21000 	C:\Program Files\Android\Android Studio\jre\jre\bin\server\jvm.dll
0x00007ffb4a720000 - 0x00007ffb4a728000 	C:\WINDOWS\System32\PSAPI.DLL
0x00007ffb36e10000 - 0x00007ffb36e19000 	C:\WINDOWS\SYSTEM32\WSOCK32.dll
0x00007ffb45750000 - 0x00007ffb45773000 	C:\WINDOWS\SYSTEM32\WINMM.dll
0x00007ffb4afe0000 - 0x00007ffb4b04c000 	C:\WINDOWS\System32\WS2_32.dll
0x00007ffb47580000 - 0x00007ffb4758a000 	C:\WINDOWS\SYSTEM32\VERSION.dll
0x00007ffb45720000 - 0x00007ffb4574a000 	C:\WINDOWS\SYSTEM32\winmmbase.dll
0x00007ffb49500000 - 0x00007ffb49549000 	C:\WINDOWS\System32\cfgmgr32.dll
0x00007ffb42f10000 - 0x00007ffb42f1f000 	C:\Program Files\Android\Android Studio\jre\jre\bin\verify.dll
0x00007ffb3c570000 - 0x00007ffb3c599000 	C:\Program Files\Android\Android Studio\jre\jre\bin\java.dll
0x00007ffb42d00000 - 0x00007ffb42d16000 	C:\Program Files\Android\Android Studio\jre\jre\bin\zip.dll
0x00007ffb4b050000 - 0x00007ffb4c490000 	C:\WINDOWS\System32\SHELL32.dll
0x00007ffb4c8d0000 - 0x00007ffb4c979000 	C:\WINDOWS\System32\shcore.dll
0x00007ffb498a0000 - 0x00007ffb49fad000 	C:\WINDOWS\System32\windows.storage.dll
0x00007ffb4acc0000 - 0x00007ffb4ad11000 	C:\WINDOWS\System32\shlwapi.dll
0x00007ffb49480000 - 0x00007ffb49491000 	C:\WINDOWS\System32\kernel.appcore.dll
0x00007ffb49460000 - 0x00007ffb4947f000 	C:\WINDOWS\System32\profapi.dll
0x00007ffb49410000 - 0x00007ffb4945c000 	C:\WINDOWS\System32\powrprof.dll
0x00007ffb49400000 - 0x00007ffb4940a000 	C:\WINDOWS\System32\FLTLIB.DLL
0x00007ffb391c0000 - 0x00007ffb391da000 	C:\Program Files\Android\Android Studio\jre\jre\bin\net.dll
0x00007ffb48c00000 - 0x00007ffb48c66000 	C:\WINDOWS\system32\mswsock.dll
0x00007ffb36b80000 - 0x00007ffb36b91000 	C:\Program Files\Android\Android Studio\jre\jre\bin\nio.dll
0x00007ffb27010000 - 0x00007ffb2702e000 	C:\Users\kw\.gradle\native\25\windows-amd64\native-platform.dll
0x00007ffb42f00000 - 0x00007ffb42f0d000 	C:\Program Files\Android\Android Studio\jre\jre\bin\management.dll
0x00007ffb48db0000 - 0x00007ffb48dc7000 	C:\WINDOWS\SYSTEM32\CRYPTSP.dll
0x00007ffb487e0000 - 0x00007ffb48813000 	C:\WINDOWS\system32\rsaenh.dll
0x00007ffb48ee0000 - 0x00007ffb48f05000 	C:\WINDOWS\SYSTEM32\bcrypt.dll
0x00007ffb492e0000 - 0x00007ffb49308000 	C:\WINDOWS\SYSTEM32\USERENV.dll
0x00007ffb48dd0000 - 0x00007ffb48ddb000 	C:\WINDOWS\SYSTEM32\CRYPTBASE.dll
0x00007ffb48980000 - 0x00007ffb489b8000 	C:\WINDOWS\SYSTEM32\IPHLPAPI.DLL
0x00007ffb4c8c0000 - 0x00007ffb4c8c8000 	C:\WINDOWS\System32\NSI.dll
0x00007ffb42640000 - 0x00007ffb42656000 	C:\WINDOWS\SYSTEM32\dhcpcsvc6.DLL
0x00007ffb42620000 - 0x00007ffb4263a000 	C:\WINDOWS\SYSTEM32\dhcpcsvc.DLL

VM Arguments:
jvm_args: -Xmx1536m -Dfile.encoding=x-windows-949 -Duser.country=KR -Duser.language=ko -Duser.variant 
java_command: org.gradle.launcher.daemon.bootstrap.GradleDaemon 4.10.1
java_class_path (initial): C:\Users\kw\.gradle\wrapper\dists\gradle-4.10.1-all\455itskqi2qtf0v2sja68alqd\gradle-4.10.1\lib\gradle-launcher-4.10.1.jar
Launcher Type: SUN_STANDARD

Environment Variables:
JAVA_HOME=C:\java
PATH=C:\ProgramData\Anaconda3;C:\ProgramData\Anaconda3\Library\mingw-w64\bin;C:\ProgramData\Anaconda3\Library\usr\bin;C:\ProgramData\Anaconda3\Library\bin;C:\ProgramData\Anaconda3\Scripts;C:\Program Files (x86)\Common Files\Oracle\Java\javapath;C:\Program Files (x86)\Intel\iCLS Client\;C:\Program Files\Intel\iCLS Client\;C:\WINDOWS\system32;C:\WINDOWS;C:\WINDOWS\System32\Wbem;C:\WINDOWS\System32\WindowsPowerShell\v1.0\;C:\Program Files (x86)\Intel\Intel(R) Management Engine Components\DAL;C:\Program Files\Intel\Intel(R) Management Engine Components\DAL;C:\Program Files (x86)\Intel\Intel(R) Management Engine Components\IPT;C:\Program Files\Intel\Intel(R) Management Engine Components\IPT;C:\Program Files\Intel\WiFi\bin\;C:\Program Files\Common Files\Intel\WirelessCommon\;C:\WINDOWS\System32\OpenSSH\;C:\java\bin;C:\Program Files (x86)\Brackets\command;C:\node\;C:\Program Files\PuTTY\;C:\Program Files\Git\cmd;C:\Program Files\dotnet\;C:\Program Files\Microsoft SQL Server\130\Tools\Binn\;C:\Program Files\Microsoft VS Code\bin;C:\Program Files (x86)\Microsoft Visual Studio\2017\Community\VC\Tools\MSVC\14.16.27023\bin\Hostx64\x64;C:\Users\kw\AppData\Local\Microsoft\WindowsApps;C:\Users\kw\AppData\Roaming\npm;C:\Program Files\JetBrains\IntelliJ IDEA Community Edition 2018.3.4\bin;
USERNAME=kw
OS=Windows_NT
PROCESSOR_IDENTIFIER=Intel64 Family 6 Model 142 Stepping 10, GenuineIntel



---------------  S Y S T E M  ---------------

OS: Windows 10.0 , 64 bit Build 17134 (10.0.17134.706)

CPU:total 8 (initial active 8) (4 cores per cpu, 2 threads per core) family 6 model 142 stepping 10, cmov, cx8, fxsr, mmx, sse, sse2, sse3, ssse3, sse4.1, sse4.2, popcnt, avx, avx2, aes, clmul, erms, 3dnowpref, lzcnt, ht, tsc, tscinvbit, bmi1, bmi2, adx

Memory: 4k page, physical 8217940k(1339456k free), swap 33383764k(5608k free)

vm_info: OpenJDK 64-Bit Server VM (25.152-b01) for windows-amd64 JRE (1.8.0_152-release-1248-b01), built by "builder" with MS VC++ 10.0 (VS2010)

time: Tue May 14 10:17:09 2019
elapsed time: 9 seconds (0d 0h 0m 9s)

